<?xml version="1.0" encoding="UTF-8"?>
<testsuite name="translator.service.TranslatorServiceTest" tests="1" skipped="0" failures="0" errors="0" timestamp="2015-10-28T12:27:40" hostname="Javiers-MacBook-Pro.local" time="0.825">
  <properties/>
  <testcase name="translateTest" classname="translator.service.TranslatorServiceTest" time="0.825"/>
  <system-out><![CDATA[13:27:38.202 [Test worker] DEBUG o.s.t.c.j.SpringJUnit4ClassRunner - SpringJUnit4ClassRunner constructor called with [class translator.service.TranslatorServiceTest]
13:27:38.213 [Test worker] DEBUG o.s.test.context.BootstrapUtils - Instantiating TestContextBootstrapper from class [org.springframework.test.context.support.DefaultTestContextBootstrapper]
13:27:38.226 [Test worker] DEBUG o.s.t.c.s.DefaultTestContextBootstrapper - Found explicit ContextLoader class [org.springframework.boot.test.SpringApplicationContextLoader] for context configuration attributes [ContextConfigurationAttributes@7a79b60 declaringClass = 'translator.service.TranslatorServiceTest', classes = '{class translator.Application}', locations = '{}', inheritLocations = true, initializers = '{}', inheritInitializers = true, name = [null], contextLoaderClass = 'org.springframework.boot.test.SpringApplicationContextLoader']
13:27:38.231 [Test worker] DEBUG o.s.t.c.support.ActiveProfilesUtils - Could not find an 'annotation declaring class' for annotation type [org.springframework.test.context.ActiveProfiles] and class [translator.service.TranslatorServiceTest]
13:27:38.234 [Test worker] DEBUG o.s.t.c.s.DefaultTestContextBootstrapper - @TestExecutionListeners is not present for class [translator.service.TranslatorServiceTest]: using defaults.
13:27:38.240 [Test worker] INFO  o.s.t.c.s.DefaultTestContextBootstrapper - Loaded default TestExecutionListener class names from location [META-INF/spring.factories]: [org.springframework.test.context.web.ServletTestExecutionListener, org.springframework.test.context.support.DependencyInjectionTestExecutionListener, org.springframework.test.context.support.DirtiesContextTestExecutionListener, org.springframework.test.context.transaction.TransactionalTestExecutionListener, org.springframework.test.context.jdbc.SqlScriptsTestExecutionListener]
13:27:38.244 [Test worker] INFO  o.s.t.c.s.DefaultTestContextBootstrapper - Could not instantiate TestExecutionListener [org.springframework.test.context.jdbc.SqlScriptsTestExecutionListener]. Specify custom listener classes or make the default listener classes (and their required dependencies) available. Offending class: [org/springframework/transaction/interceptor/TransactionAttribute]
13:27:38.245 [Test worker] INFO  o.s.t.c.s.DefaultTestContextBootstrapper - Could not instantiate TestExecutionListener [org.springframework.test.context.transaction.TransactionalTestExecutionListener]. Specify custom listener classes or make the default listener classes (and their required dependencies) available. Offending class: [org/springframework/transaction/interceptor/TransactionAttributeSource]
13:27:38.248 [Test worker] INFO  o.s.t.c.s.DefaultTestContextBootstrapper - Using TestExecutionListeners: [org.springframework.test.context.web.ServletTestExecutionListener@1707054d, org.springframework.test.context.support.DependencyInjectionTestExecutionListener@2e061953, org.springframework.test.context.support.DirtiesContextTestExecutionListener@3d31215d]
13:27:38.251 [Test worker] DEBUG o.s.t.annotation.ProfileValueUtils - Retrieved @ProfileValueSourceConfiguration [null] for test class [translator.service.TranslatorServiceTest]
13:27:38.251 [Test worker] DEBUG o.s.t.annotation.ProfileValueUtils - Retrieved ProfileValueSource type [class org.springframework.test.annotation.SystemProfileValueSource] for class [translator.service.TranslatorServiceTest]
13:27:38.252 [Test worker] DEBUG o.s.t.annotation.ProfileValueUtils - Retrieved @ProfileValueSourceConfiguration [null] for test class [translator.service.TranslatorServiceTest]
13:27:38.252 [Test worker] DEBUG o.s.t.annotation.ProfileValueUtils - Retrieved ProfileValueSource type [class org.springframework.test.annotation.SystemProfileValueSource] for class [translator.service.TranslatorServiceTest]
13:27:38.253 [Test worker] DEBUG o.s.t.annotation.ProfileValueUtils - Retrieved @ProfileValueSourceConfiguration [null] for test class [translator.service.TranslatorServiceTest]
13:27:38.254 [Test worker] DEBUG o.s.t.annotation.ProfileValueUtils - Retrieved ProfileValueSource type [class org.springframework.test.annotation.SystemProfileValueSource] for class [translator.service.TranslatorServiceTest]
13:27:38.255 [Test worker] DEBUG o.s.t.c.s.DependencyInjectionTestExecutionListener - Performing dependency injection for test context [[DefaultTestContext@5ffda6a1 testClass = TranslatorServiceTest, testInstance = translator.service.TranslatorServiceTest@3853f4ed, testMethod = [null], testException = [null], mergedContextConfiguration = [MergedContextConfiguration@31d7d9e4 testClass = TranslatorServiceTest, locations = '{}', classes = '{class translator.Application}', contextInitializerClasses = '[]', activeProfiles = '{}', propertySourceLocations = '{}', propertySourceProperties = '{}', contextLoader = 'org.springframework.boot.test.SpringApplicationContextLoader', parent = [null]]]].
13:27:38.311 [Test worker] DEBUG o.s.core.env.StandardEnvironment - Adding [systemProperties] PropertySource with lowest search precedence
13:27:38.312 [Test worker] DEBUG o.s.core.env.StandardEnvironment - Adding [systemEnvironment] PropertySource with lowest search precedence
13:27:38.313 [Test worker] DEBUG o.s.core.env.StandardEnvironment - Initialized StandardEnvironment with PropertySources [systemProperties,systemEnvironment]
13:27:38.313 [Test worker] DEBUG o.s.core.env.StandardEnvironment - Adding [integrationTest] PropertySource with search precedence immediately lower than [systemEnvironment]

  .   ____          _            __ _ _
 /\\ / ___'_ __ _ _(_)_ __  __ _ \ \ \ \
( ( )\___ | '_ | '_| | '_ \/ _` | \ \ \ \
 \\/  ___)| |_)| | | | | || (_| |  ) ) ) )
  '  |____| .__|_| |_|_| |_\__, | / / / /
 =========|_|==============|___/=/_/_/_/
 :: Spring Boot ::        (v1.2.6.RELEASE)

2015-10-28 13:27:38.450  INFO 16547 --- [    Test worker] t.service.TranslatorServiceTest          : Starting TranslatorServiceTest on Javiers-MacBook-Pro.local with PID 16547 (started by javier in /Users/javier/Downloads/laboratory2-apache-cxf-master 2/translator-cxf-ws-server)
2015-10-28 13:27:38.482  INFO 16547 --- [    Test worker] s.c.a.AnnotationConfigApplicationContext : Refreshing org.springframework.context.annotation.AnnotationConfigApplicationContext@58969f59: startup date [Wed Oct 28 13:27:38 CET 2015]; root of context hierarchy
2015-10-28 13:27:38.823  INFO 16547 --- [    Test worker] o.s.b.f.xml.XmlBeanDefinitionReader      : Loading XML bean definitions from class path resource [META-INF/cxf/cxf.xml]
2015-10-28 13:27:38.903  INFO 16547 --- [    Test worker] o.s.b.f.xml.XmlBeanDefinitionReader      : Loading XML bean definitions from class path resource [META-INF/cxf/cxf-servlet.xml]
2015-10-28 13:27:39.410  INFO 16547 --- [    Test worker] o.a.c.w.s.f.ReflectionServiceFactoryBean : Creating Service {http://service.translator/}TranslatorServiceImplService from class translator.service.TranslatorServiceImpl
2015-10-28 13:27:39.662  INFO 16547 --- [    Test worker] org.apache.cxf.endpoint.ServerImpl       : Setting the server's publish address to be /translator
2015-10-28 13:27:39.773  INFO 16547 --- [    Test worker] o.a.c.w.s.f.ReflectionServiceFactoryBean : Creating Service {http://docs.oasis-open.org/ws-dd/ns/discovery/2009/01}Discovery from WSDL: classpath:/org/apache/cxf/ws/discovery/wsdl/wsdd-discovery-1.1-wsdl-os.wsdl
2015-10-28 13:27:40.363  INFO 16547 --- [    Test worker] org.apache.cxf.endpoint.ServerImpl       : Setting the server's publish address to be soap.udp://239.255.255.250:3702
2015-10-28 13:27:40.421  INFO 16547 --- [    Test worker] o.a.c.w.s.f.ReflectionServiceFactoryBean : Creating Service {http://docs.oasis-open.org/ws-dd/ns/discovery/2009/01}DiscoveryProxy from class org.apache.cxf.jaxws.support.DummyImpl
2015-10-28 13:27:40.784  INFO 16547 --- [    Test worker] t.service.TranslatorServiceTest          : Started TranslatorServiceTest in 2.468 seconds (JVM running for 3.18)
]]></system-out>
  <system-err><![CDATA[]]></system-err>
</testsuite>
