<?xml version="1.0" encoding="UTF-8"?>
<testsuite name="translator.ws.TranslatorDiscoveryTest" tests="1" skipped="0" failures="0" errors="0" timestamp="2015-10-29T17:29:53" hostname="ismaro3-satellite" time="4.201">
  <properties/>
  <testcase name="testWsDiscovery" classname="translator.ws.TranslatorDiscoveryTest" time="4.201"/>
  <system-out><![CDATA[18:29:53.254 [Test worker] DEBUG o.s.t.c.j.SpringJUnit4ClassRunner - SpringJUnit4ClassRunner constructor called with [class translator.ws.TranslatorDiscoveryTest]
18:29:53.270 [Test worker] DEBUG o.s.test.context.BootstrapUtils - Instantiating TestContextBootstrapper from class [org.springframework.test.context.support.DefaultTestContextBootstrapper]
18:29:53.291 [Test worker] DEBUG o.s.t.c.s.DefaultTestContextBootstrapper - Found explicit ContextLoader class [org.springframework.boot.test.SpringApplicationContextLoader] for context configuration attributes [ContextConfigurationAttributes@be2f8fb declaringClass = 'translator.ws.TranslatorDiscoveryTest', classes = '{class translator.ws.Client}', locations = '{}', inheritLocations = true, initializers = '{}', inheritInitializers = true, name = [null], contextLoaderClass = 'org.springframework.boot.test.SpringApplicationContextLoader']
18:29:53.296 [Test worker] DEBUG o.s.t.c.support.ActiveProfilesUtils - Could not find an 'annotation declaring class' for annotation type [org.springframework.test.context.ActiveProfiles] and class [translator.ws.TranslatorDiscoveryTest]
18:29:53.301 [Test worker] DEBUG o.s.t.c.s.DefaultTestContextBootstrapper - @TestExecutionListeners is not present for class [translator.ws.TranslatorDiscoveryTest]: using defaults.
18:29:53.310 [Test worker] INFO  o.s.t.c.s.DefaultTestContextBootstrapper - Loaded default TestExecutionListener class names from location [META-INF/spring.factories]: [org.springframework.test.context.web.ServletTestExecutionListener, org.springframework.test.context.support.DependencyInjectionTestExecutionListener, org.springframework.test.context.support.DirtiesContextTestExecutionListener, org.springframework.test.context.transaction.TransactionalTestExecutionListener, org.springframework.test.context.jdbc.SqlScriptsTestExecutionListener]
18:29:53.314 [Test worker] INFO  o.s.t.c.s.DefaultTestContextBootstrapper - Could not instantiate TestExecutionListener [org.springframework.test.context.transaction.TransactionalTestExecutionListener]. Specify custom listener classes or make the default listener classes (and their required dependencies) available. Offending class: [org/springframework/transaction/TransactionDefinition]
18:29:53.315 [Test worker] INFO  o.s.t.c.s.DefaultTestContextBootstrapper - Could not instantiate TestExecutionListener [org.springframework.test.context.jdbc.SqlScriptsTestExecutionListener]. Specify custom listener classes or make the default listener classes (and their required dependencies) available. Offending class: [org/springframework/transaction/interceptor/TransactionAttribute]
18:29:53.316 [Test worker] INFO  o.s.t.c.s.DefaultTestContextBootstrapper - Could not instantiate TestExecutionListener [org.springframework.test.context.web.ServletTestExecutionListener]. Specify custom listener classes or make the default listener classes (and their required dependencies) available. Offending class: [javax/servlet/ServletContext]
18:29:53.318 [Test worker] INFO  o.s.t.c.s.DefaultTestContextBootstrapper - Using TestExecutionListeners: [org.springframework.test.context.support.DependencyInjectionTestExecutionListener@4579206b, org.springframework.test.context.support.DirtiesContextTestExecutionListener@1071399b]
18:29:53.321 [Test worker] DEBUG o.s.t.annotation.ProfileValueUtils - Retrieved @ProfileValueSourceConfiguration [null] for test class [translator.ws.TranslatorDiscoveryTest]
18:29:53.322 [Test worker] DEBUG o.s.t.annotation.ProfileValueUtils - Retrieved ProfileValueSource type [class org.springframework.test.annotation.SystemProfileValueSource] for class [translator.ws.TranslatorDiscoveryTest]
18:29:53.323 [Test worker] DEBUG o.s.t.annotation.ProfileValueUtils - Retrieved @ProfileValueSourceConfiguration [null] for test class [translator.ws.TranslatorDiscoveryTest]
18:29:53.323 [Test worker] DEBUG o.s.t.annotation.ProfileValueUtils - Retrieved ProfileValueSource type [class org.springframework.test.annotation.SystemProfileValueSource] for class [translator.ws.TranslatorDiscoveryTest]
18:29:53.325 [Test worker] DEBUG o.s.t.annotation.ProfileValueUtils - Retrieved @ProfileValueSourceConfiguration [null] for test class [translator.ws.TranslatorDiscoveryTest]
18:29:53.326 [Test worker] DEBUG o.s.t.annotation.ProfileValueUtils - Retrieved ProfileValueSource type [class org.springframework.test.annotation.SystemProfileValueSource] for class [translator.ws.TranslatorDiscoveryTest]
18:29:53.328 [Test worker] DEBUG o.s.t.c.s.DependencyInjectionTestExecutionListener - Performing dependency injection for test context [[DefaultTestContext@7a2680a3 testClass = TranslatorDiscoveryTest, testInstance = translator.ws.TranslatorDiscoveryTest@76f592d4, testMethod = [null], testException = [null], mergedContextConfiguration = [MergedContextConfiguration@46a7cd5b testClass = TranslatorDiscoveryTest, locations = '{}', classes = '{class translator.ws.Client}', contextInitializerClasses = '[]', activeProfiles = '{}', propertySourceLocations = '{}', propertySourceProperties = '{}', contextLoader = 'org.springframework.boot.test.SpringApplicationContextLoader', parent = [null]]]].
18:29:53.389 [Test worker] DEBUG o.s.core.env.StandardEnvironment - Adding [systemProperties] PropertySource with lowest search precedence
18:29:53.391 [Test worker] DEBUG o.s.core.env.StandardEnvironment - Adding [systemEnvironment] PropertySource with lowest search precedence
18:29:53.392 [Test worker] DEBUG o.s.core.env.StandardEnvironment - Initialized StandardEnvironment with PropertySources [systemProperties,systemEnvironment]
18:29:53.393 [Test worker] DEBUG o.s.core.env.StandardEnvironment - Adding [integrationTest] PropertySource with search precedence immediately lower than [systemEnvironment]

  .   ____          _            __ _ _
 /\\ / ___'_ __ _ _(_)_ __  __ _ \ \ \ \
( ( )\___ | '_ | '_| | '_ \/ _` | \ \ \ \
 \\/  ___)| |_)| | | | | || (_| |  ) ) ) )
  '  |____| .__|_| |_|_| |_\__, | / / / /
 =========|_|==============|___/=/_/_/_/
 :: Spring Boot ::        (v1.2.7.RELEASE)

2015-10-29 18:29:53.594  INFO 10388 --- [    Test worker] translator.ws.TranslatorDiscoveryTest    : Starting TranslatorDiscoveryTest on ismaro3-satellite with PID 10388 (/home/ismaro3/iweb2/translator-cxf-ws-client/build/classes/test started by ismaro3 in /home/ismaro3/iweb2/translator-cxf-ws-client)
2015-10-29 18:29:53.611  INFO 10388 --- [    Test worker] s.c.a.AnnotationConfigApplicationContext : Refreshing org.springframework.context.annotation.AnnotationConfigApplicationContext@5ac25190: startup date [Thu Oct 29 18:29:53 CET 2015]; root of context hierarchy
2015-10-29 18:29:53.659  INFO 10388 --- [    Test worker] translator.ws.TranslatorDiscoveryTest    : Started TranslatorDiscoveryTest in 0.262 seconds (JVM running for 1.184)
2015-10-29 18:29:54.140  INFO 10388 --- [    Test worker] o.a.c.w.s.f.ReflectionServiceFactoryBean : Creating Service {http://docs.oasis-open.org/ws-dd/ns/discovery/2009/01}DiscoveryProxy from class org.apache.cxf.jaxws.support.DummyImpl
2015-10-29 18:29:56.784  INFO 10388 --- [    Test worker] o.a.c.w.s.f.ReflectionServiceFactoryBean : Creating Service {http://service.translator/}TranslatorServiceService from class translator.service.TranslatorService
2015-10-29 18:29:56.869  INFO 10388 --- [    Test worker] o.a.c.w.s.f.ReflectionServiceFactoryBean : Creating Service {http://service.translator/}TranslatorServiceService from class translator.service.TranslatorService
]]></system-out>
  <system-err><![CDATA[]]></system-err>
</testsuite>
